0 info it worked if it ends with ok
1 verbose cli [ 'C:\\Program Files\\nodejs\\node.exe',
1 verbose cli   'C:\\Users\\Noell\\AppData\\Roaming\\npm\\node_modules\\npm\\bin\\npm-cli.js',
1 verbose cli   'start' ]
2 info using npm@3.10.6
3 info using node@v6.2.1
4 verbose run-script [ 'prestart', 'start', 'poststart' ]
5 info lifecycle trillary@1.0.0~prestart: trillary@1.0.0
6 silly lifecycle trillary@1.0.0~prestart: no script for prestart, continuing
7 info lifecycle trillary@1.0.0~start: trillary@1.0.0
8 verbose lifecycle trillary@1.0.0~start: unsafe-perm in lifecycle true
9 verbose lifecycle trillary@1.0.0~start: PATH: C:\Users\Noell\AppData\Roaming\npm\node_modules\npm\bin\node-gyp-bin;C:\Users\Noell\devmtn\trillary\node_modules\.bin;C:\Users\Noell\AppData\Local\GitHub\PortableGit_d76a6a98c9315931ec4927243517bc09e9b731a0\cmd;C:\Users\Noell\AppData\Local\GitHub\PortableGit_d76a6a98c9315931ec4927243517bc09e9b731a0\usr\bin;C:\Users\Noell\AppData\Local\GitHub\PortableGit_d76a6a98c9315931ec4927243517bc09e9b731a0\usr\share\git-tfs;C:\Users\Noell\AppData\Local\Apps\2.0\3EJ1W5CO.P15\KZMJ8PA5.7ZG\gith..tion_317444273a93ac29_0003.0001_cbe40ecbe3e419d4;C:\Users\Noell\AppData\Local\GitHub\lfs-amd64_1.2.0;C:\Program Files\Broadcom\Broadcom 802.11 Network Adapter;C:\Program Files (x86)\Intel\iCLS Client\;C:\Program Files\Intel\iCLS Client\;C:\windows\system32;C:\windows;C:\windows\System32\Wbem;C:\windows\System32\WindowsPowerShell\v1.0\;C:\Program Files (x86)\Intel\Intel(R) Management Engine Components\DAL;C:\Program Files\Intel\Intel(R) Management Engine Components\DAL;C:\Program Files (x86)\Intel\Intel(R) Management Engine Components\IPT;C:\Program Files\Intel\Intel(R) Management Engine Components\IPT;C:\Program Files (x86)\NVIDIA Corporation\PhysX\Common;C:\Program Files\Git\cmd;C:\Program Files\Intel\IntelSGXPSW\bin\x64\Release\;C:\Program Files\Intel\IntelSGXPSW\bin\win32\Release\;C:\Program Files\nodejs\;C:\Program Files (x86)\QuickTime\QTSystem\;C:\Program Files (x86)\Skype\Phone\;C:\WINDOWS\system32;C:\WINDOWS;C:\WINDOWS\System32\Wbem;C:\WINDOWS\System32\WindowsPowerShell\v1.0\;C:\Program Files (x86)\Heroku\bin;C:\Program Files (x86)\git\cmd;C:\Program Files (x86)\Git\cmd;C:\Program Files\Heroku\bin;C:\WINDOWS\system32\config\systemprofile\.dnx\bin;C:\Program Files\Microsoft DNX\Dnvm\;C:\Program Files (x86)\Windows Kits\8.1\Windows Performance Toolkit\;C:\Program Files\Microsoft SQL Server\130\Tools\Binn\;C:\Users\Noell\AppData\Roaming\npm;C:\Users\Noell\AppData\Local\atom\bin;C:\Program Files\PostgreSQL\9.5\bin;%USERPROFILE%\AppData\Local\Microsoft\WindowsApps;;C:\Program Files (x86)\MSBuild\14.0\bin\;C:\Program Files (x86)\Microsoft SDKs\Windows\v8.1A\bin\NETFX 4.5.1 Tools\x64
10 verbose lifecycle trillary@1.0.0~start: CWD: C:\Users\Noell\devmtn\trillary
11 silly lifecycle trillary@1.0.0~start: Args: [ '/d /s /c', 'tsc && concurrently "tsc -w" "lite-server" ' ]
12 silly lifecycle trillary@1.0.0~start: Returned: code: 2  signal: null
13 info lifecycle trillary@1.0.0~start: Failed to exec start script
14 verbose stack Error: trillary@1.0.0 start: `tsc && concurrently "tsc -w" "lite-server" `
14 verbose stack Exit status 2
14 verbose stack     at EventEmitter.<anonymous> (C:\Users\Noell\AppData\Roaming\npm\node_modules\npm\lib\utils\lifecycle.js:255:16)
14 verbose stack     at emitTwo (events.js:106:13)
14 verbose stack     at EventEmitter.emit (events.js:191:7)
14 verbose stack     at ChildProcess.<anonymous> (C:\Users\Noell\AppData\Roaming\npm\node_modules\npm\lib\utils\spawn.js:40:14)
14 verbose stack     at emitTwo (events.js:106:13)
14 verbose stack     at ChildProcess.emit (events.js:191:7)
14 verbose stack     at maybeClose (internal/child_process.js:852:16)
14 verbose stack     at Process.ChildProcess._handle.onexit (internal/child_process.js:215:5)
15 verbose pkgid trillary@1.0.0
16 verbose cwd C:\Users\Noell\devmtn\trillary
17 error Windows_NT 10.0.14393
18 error argv "C:\\Program Files\\nodejs\\node.exe" "C:\\Users\\Noell\\AppData\\Roaming\\npm\\node_modules\\npm\\bin\\npm-cli.js" "start"
19 error node v6.2.1
20 error npm  v3.10.6
21 error code ELIFECYCLE
22 error trillary@1.0.0 start: `tsc && concurrently "tsc -w" "lite-server" `
22 error Exit status 2
23 error Failed at the trillary@1.0.0 start script 'tsc && concurrently "tsc -w" "lite-server" '.
23 error Make sure you have the latest version of node.js and npm installed.
23 error If you do, this is most likely a problem with the trillary package,
23 error not with npm itself.
23 error Tell the author that this fails on your system:
23 error     tsc && concurrently "tsc -w" "lite-server"
23 error You can get information on how to open an issue for this project with:
23 error     npm bugs trillary
23 error Or if that isn't available, you can get their info via:
23 error     npm owner ls trillary
23 error There is likely additional logging output above.
24 verbose exit [ 1, true ]
